INFO  time: initialize in 0.56s
WARN  no build target: /home/daniel/Documents/projects/lolhub/backend/src/main/scala/com/example/AkkaQuickstart.scala
INFO  no build target: using presentation compiler with only scala-library
WARN  no build target: /home/daniel/Documents/projects/lolhub/backend/src/main/scala/lolhub/main.scala
WARN  no build target: /home/daniel/Documents/projects/lolhub/backend/src/main/scala/lolhub/main.scala
Exception in thread "pool-1-thread-7" java.lang.Error: java.lang.InterruptedException
	at java.util.concurrent.ThreadPoolExecutor.runWorker(ThreadPoolExecutor.java:1155)
	at java.util.concurrent.ThreadPoolExecutor$Worker.run(ThreadPoolExecutor.java:624)
	at java.lang.Thread.run(Thread.java:748)
Caused by: java.lang.InterruptedException
	at scala.meta.internal.metals.FutureCancelToken.checkCanceled(FutureCancelToken.scala:20)
	at scala.meta.internal.mtags.MtagsEnrichments$XtensionCancelChecker.isCancelled(MtagsEnrichments.scala:354)
	at scala.meta.internal.metals.FormattingProvider.$anonfun$isCancelled$1(FormattingProvider.scala:59)
	at scala.meta.internal.metals.FormattingProvider.$anonfun$isCancelled$1$adapted(FormattingProvider.scala:59)
	at scala.Option.exists(Option.scala:376)
	at scala.meta.internal.metals.FormattingProvider.isCancelled(FormattingProvider.scala:59)
	at scala.meta.internal.metals.FormattingProvider.$anonfun$handleMissingFile$1(FormattingProvider.scala:171)
	at scala.meta.internal.metals.FormattingProvider.$anonfun$handleMissingFile$1$adapted(FormattingProvider.scala:164)
	at scala.util.Success.$anonfun$map$1(Try.scala:255)
	at scala.util.Success.map(Try.scala:213)
	at scala.concurrent.Future.$anonfun$map$1(Future.scala:292)
	at scala.concurrent.impl.Promise.liftedTree1$1(Promise.scala:33)
	at scala.concurrent.impl.Promise.$anonfun$transform$1(Promise.scala:33)
	at scala.concurrent.impl.CallbackRunnable.run(Promise.scala:64)
	at java.util.concurrent.ThreadPoolExecutor.runWorker(ThreadPoolExecutor.java:1149)
	... 2 more
WARN  no build target: /home/daniel/Documents/projects/lolhub/backend/src/main/scala/lolhub/main.scala
WARN  no build target: /home/daniel/Documents/projects/lolhub/backend/src/main/scala/lolhub/main.scala
WARN  no build target: /home/daniel/Documents/projects/lolhub/backend/src/main/scala/lolhub/main.scala
WARN  no build target: /home/daniel/Documents/projects/lolhub/backend/src/test/scala/lolhub/AkkaQuickstartSpec.scala
WARN  no build target: /home/daniel/Documents/projects/lolhub/backend/src/test/scala/lolhub/main.test.scala
WARN  no build target: /home/daniel/Documents/projects/lolhub/backend/src/test/scala/lolhub/main.test.scala
WARN  no build target: /home/daniel/Documents/projects/lolhub/backend/src/test/scala/lolhub/main.test.scala
WARN  code navigation does not work for the file '/home/daniel/Documents/projects/lolhub/backend/src/test/scala/lolhub/main.test.scala' because it doesn't belong to a build target.
WARN  code navigation does not work for the file '/home/daniel/Documents/projects/lolhub/backend/src/test/scala/lolhub/main.test.scala' because it doesn't belong to a build target.
WARN  no build target: /home/daniel/Documents/projects/lolhub/backend/src/test/scala/lolhub/main.test.scala
WARN  no build target: /home/daniel/Documents/projects/lolhub/backend/src/main/scala/lolhub/greeter.scala
WARN  no build target: /home/daniel/Documents/projects/lolhub/backend/src/main/scala/lolhub/greeter.scala
WARN  no build target: /home/daniel/Documents/projects/lolhub/backend/src/main/scala/lolhub/main.scala
WARN  code navigation does not work for the file '/home/daniel/Documents/projects/lolhub/backend/src/main/scala/lolhub/main.scala' because it doesn't belong to a build target.
WARN  code navigation does not work for the file '/home/daniel/Documents/projects/lolhub/backend/src/main/scala/lolhub/main.scala' because it doesn't belong to a build target.
WARN  code navigation does not work for the file '/home/daniel/Documents/projects/lolhub/backend/src/main/scala/lolhub/main.scala' because it doesn't belong to a build target.
WARN  code navigation does not work for the file '/home/daniel/Documents/projects/lolhub/backend/src/main/scala/lolhub/main.scala' because it doesn't belong to a build target.
WARN  no build target: /home/daniel/Documents/projects/lolhub/backend/src/main/scala/lolhub/main.scala
WARN  no build target: /home/daniel/Documents/projects/lolhub/backend/src/main/scala/lolhub/main.scala
WARN  no build target: /home/daniel/Documents/projects/lolhub/backend/src/main/scala/lolhub/main.scala
WARN  no build target: /home/daniel/Documents/projects/lolhub/backend/src/main/scala/lolhub/main.scala
WARN  code navigation does not work for the file '/home/daniel/Documents/projects/lolhub/backend/src/main/scala/lolhub/main.scala' because it doesn't belong to a build target.
WARN  code navigation does not work for the file '/home/daniel/Documents/projects/lolhub/backend/src/main/scala/lolhub/main.scala' because it doesn't belong to a build target.
INFO  shutting down Metals
INFO  time: initialize in 0.54s
INFO  skipping build import with status 'Requested'
WARN  no build target: /home/danielg/programming/lolhub/backend/build.sbt
WARN  no build target: /home/danielg/programming/lolhub/backend/build.sbt
WARN  no build target: 
